<?xml version="1.0" encoding="UTF-8"?>
<testng-results total="3" passed="3" failed="0" skipped="0">
  <reporter-output>
  </reporter-output>
  <suite started-at="2019-04-03T18:46:42Z" name="Command line suite" finished-at="2019-04-03T18:47:13Z" duration-ms="31763">
    <groups>
    </groups>
    <test started-at="2019-04-03T18:46:42Z" name="Command line test" finished-at="2019-04-03T18:47:13Z" duration-ms="31763">
      <class name="pack.crm.testcases.LoginPageTest">
        <test-method is-config="true" signature="setUp()[pri:0, instance:pack.crm.testcases.LoginPageTest@15bfd87]" started-at="2019-04-03T13:46:42Z" name="setUp" finished-at="2019-04-03T13:46:51Z" duration-ms="9621" status="PASS">
          <reporter-output>
          </reporter-output>
        </test-method> <!-- setUp -->
        <test-method signature="loginPageTitleTest()[pri:0, instance:pack.crm.testcases.LoginPageTest@15bfd87]" started-at="2019-04-03T13:46:51Z" name="loginPageTitleTest" finished-at="2019-04-03T13:46:51Z" duration-ms="15" status="PASS">
          <reporter-output>
          </reporter-output>
        </test-method> <!-- loginPageTitleTest -->
        <test-method is-config="true" signature="afterMethod()[pri:0, instance:pack.crm.testcases.LoginPageTest@15bfd87]" started-at="2019-04-03T13:46:51Z" name="afterMethod" finished-at="2019-04-03T13:46:52Z" duration-ms="724" status="PASS">
          <reporter-output>
          </reporter-output>
        </test-method> <!-- afterMethod -->
        <test-method is-config="true" signature="setUp()[pri:0, instance:pack.crm.testcases.LoginPageTest@15bfd87]" started-at="2019-04-03T13:46:52Z" name="setUp" finished-at="2019-04-03T13:47:01Z" duration-ms="9240" status="PASS">
          <reporter-output>
          </reporter-output>
        </test-method> <!-- setUp -->
        <test-method signature="crmImageTest()[pri:0, instance:pack.crm.testcases.LoginPageTest@15bfd87]" started-at="2019-04-03T13:47:01Z" name="crmImageTest" finished-at="2019-04-03T13:47:01Z" duration-ms="49" status="PASS">
          <reporter-output>
          </reporter-output>
        </test-method> <!-- crmImageTest -->
        <test-method is-config="true" signature="afterMethod()[pri:0, instance:pack.crm.testcases.LoginPageTest@15bfd87]" started-at="2019-04-03T13:47:01Z" name="afterMethod" finished-at="2019-04-03T13:47:02Z" duration-ms="689" status="PASS">
          <reporter-output>
          </reporter-output>
        </test-method> <!-- afterMethod -->
        <test-method is-config="true" signature="setUp()[pri:0, instance:pack.crm.testcases.LoginPageTest@15bfd87]" started-at="2019-04-03T13:47:02Z" name="setUp" finished-at="2019-04-03T13:47:11Z" duration-ms="8472" status="PASS">
          <reporter-output>
          </reporter-output>
        </test-method> <!-- setUp -->
        <test-method signature="loginTest()[pri:0, instance:pack.crm.testcases.LoginPageTest@15bfd87]" started-at="2019-04-03T13:47:11Z" name="loginTest" finished-at="2019-04-03T13:47:13Z" duration-ms="2168" status="PASS">
          <reporter-output>
          </reporter-output>
        </test-method> <!-- loginTest -->
        <test-method is-config="true" signature="afterMethod()[pri:0, instance:pack.crm.testcases.LoginPageTest@15bfd87]" started-at="2019-04-03T13:47:13Z" name="afterMethod" finished-at="2019-04-03T13:47:13Z" duration-ms="773" status="PASS">
          <reporter-output>
          </reporter-output>
        </test-method> <!-- afterMethod -->
      </class> <!-- pack.crm.testcases.LoginPageTest -->
    </test> <!-- Command line test -->
  </suite> <!-- Command line suite -->
</testng-results>
