<?xml version="1.0" encoding="UTF-8"?>
<testsuite xmlns:xsi="http://www.w3.org/2001/XMLSchema-instance" xsi:noNamespaceSchemaLocation="https://maven.apache.org/surefire/maven-surefire-plugin/xsd/surefire-test-report-3.0.xsd" version="3.0" name="TestSuite" time="223.386" tests="18" errors="0" skipped="2" failures="8">
  <properties>
[...]
</properties>
  <testcase name="verifyContactsPageLabelTest" classname="pack.crm.testcases.ContactsPageTest" time="0.03"/>
  <testcase name="verifyHomePageTitleTest" classname="pack.crm.testcases.HomePageTest" time="0.042">
    <failure type="java.lang.NullPointerException">java.lang.NullPointerException
	at pack.crm.testcases.HomePageTest.verifyHomePageTitleTest(HomePageTest.java:38)
</failure>
    <system-err><![CDATA[Starting ChromeDriver 73.0.3683.20 (8e2b610813e167eee3619ac4ce6e42e3ec622017) on port 41285
Only local connections are allowed.
Please protect ports used by ChromeDriver and related test frameworks to prevent access by malicious code.
Apr 08, 2019 9:08:33 PM org.openqa.selenium.remote.ProtocolHandshake createSession
INFO: Detected dialect: OSS
]]></system-err>
  </testcase>
  <testcase name="selectContactsByNametest" classname="pack.crm.testcases.ContactsPageTest" time="50.056">
    <failure message="no such element: Unable to locate element: {&quot;method&quot;:&quot;xpath&quot;,&quot;selector&quot;:&quot;//a[contains(text(),&quot;test2 test2&quot;)]//parent::td[@class=&quot;datalistrow&quot;]//preceding-sibling::td[@class=&quot;datalistrow&quot;]//input[@type=&quot;checkbox&quot;]&quot;}&#10;  (Session info: chrome=73.0.3683.86)&#10;  (Driver info: chromedriver=73.0.3683.20 (8e2b610813e167eee3619ac4ce6e42e3ec622017),platform=Windows NT 10.0.17134 x86_64) (WARNING: The server did not provide any stacktrace information)&#10;Command duration or timeout: 0 milliseconds&#10;For documentation on this error, please visit: https://www.seleniumhq.org/exceptions/no_such_element.html&#10;Build info: version: &apos;3.141.59&apos;, revision: &apos;e82be7d358&apos;, time: &apos;2018-11-14T08:17:03&apos;&#10;System info: host: &apos;VIJAYA&apos;, ip: &apos;192.168.1.127&apos;, os.name: &apos;Windows 10&apos;, os.arch: &apos;amd64&apos;, os.version: &apos;10.0&apos;, java.version: &apos;11.0.2&apos;&#10;Driver info: org.openqa.selenium.chrome.ChromeDriver&#10;Capabilities {acceptInsecureCerts: false, acceptSslCerts: false, applicationCacheEnabled: false, browserConnectionEnabled: false, browserName: chrome, chrome: {chromedriverVersion: 73.0.3683.20 (8e2b610813e16..., userDataDir: C:\Users\vijay\AppData\Loca...}, cssSelectorsEnabled: true, databaseEnabled: false, goog:chromeOptions: {debuggerAddress: localhost:54267}, handlesAlerts: true, hasTouchScreen: false, javascriptEnabled: true, locationContextEnabled: true, mobileEmulationEnabled: false, nativeEvents: true, networkConnectionEnabled: false, pageLoadStrategy: normal, platform: XP, platformName: XP, proxy: Proxy(), rotatable: false, setWindowRect: true, strictFileInteractability: false, takesHeapSnapshot: true, takesScreenshot: true, timeouts: {implicit: 0, pageLoad: 300000, script: 30000}, unexpectedAlertBehaviour: ignore, unhandledPromptBehavior: ignore, version: 73.0.3683.86, webStorageEnabled: true}&#10;Session ID: fa3211128869af0624a6adf205cceacc&#10;*** Element info: {Using=xpath, value=//a[contains(text(),&quot;test2 test2&quot;)]//parent::td[@class=&quot;datalistrow&quot;]//preceding-sibling::td[@class=&quot;datalistrow&quot;]//input[@type=&quot;checkbox&quot;]}" type="org.openqa.selenium.NoSuchElementException">org.openqa.selenium.NoSuchElementException: 
no such element: Unable to locate element: {"method":"xpath","selector":"//a[contains(text(),"test2 test2")]//parent::td[@class="datalistrow"]//preceding-sibling::td[@class="datalistrow"]//input[@type="checkbox"]"}
  (Session info: chrome=73.0.3683.86)
  (Driver info: chromedriver=73.0.3683.20 (8e2b610813e167eee3619ac4ce6e42e3ec622017),platform=Windows NT 10.0.17134 x86_64) (WARNING: The server did not provide any stacktrace information)
Command duration or timeout: 0 milliseconds
For documentation on this error, please visit: https://www.seleniumhq.org/exceptions/no_such_element.html
Build info: version: '3.141.59', revision: 'e82be7d358', time: '2018-11-14T08:17:03'
System info: host: 'VIJAYA', ip: '192.168.1.127', os.name: 'Windows 10', os.arch: 'amd64', os.version: '10.0', java.version: '11.0.2'
Driver info: org.openqa.selenium.chrome.ChromeDriver
Capabilities {acceptInsecureCerts: false, acceptSslCerts: false, applicationCacheEnabled: false, browserConnectionEnabled: false, browserName: chrome, chrome: {chromedriverVersion: 73.0.3683.20 (8e2b610813e16..., userDataDir: C:\Users\vijay\AppData\Loca...}, cssSelectorsEnabled: true, databaseEnabled: false, goog:chromeOptions: {debuggerAddress: localhost:54267}, handlesAlerts: true, hasTouchScreen: false, javascriptEnabled: true, locationContextEnabled: true, mobileEmulationEnabled: false, nativeEvents: true, networkConnectionEnabled: false, pageLoadStrategy: normal, platform: XP, platformName: XP, proxy: Proxy(), rotatable: false, setWindowRect: true, strictFileInteractability: false, takesHeapSnapshot: true, takesScreenshot: true, timeouts: {implicit: 0, pageLoad: 300000, script: 30000}, unexpectedAlertBehaviour: ignore, unhandledPromptBehavior: ignore, version: 73.0.3683.86, webStorageEnabled: true}
Session ID: fa3211128869af0624a6adf205cceacc
*** Element info: {Using=xpath, value=//a[contains(text(),"test2 test2")]//parent::td[@class="datalistrow"]//preceding-sibling::td[@class="datalistrow"]//input[@type="checkbox"]}
	at pack.crm.testcases.ContactsPageTest.selectContactsByNametest(ContactsPageTest.java:33)
</failure>
    <system-err><![CDATA[Starting ChromeDriver 73.0.3683.20 (8e2b610813e167eee3619ac4ce6e42e3ec622017) on port 24302
Only local connections are allowed.
Please protect ports used by ChromeDriver and related test frameworks to prevent access by malicious code.
Apr 08, 2019 9:08:46 PM org.openqa.selenium.remote.ProtocolHandshake createSession
INFO: Detected dialect: OSS
]]></system-err>
  </testcase>
  <testcase name="verifyuserNameTest" classname="pack.crm.testcases.HomePageTest" time="0.036">
    <failure type="java.lang.NullPointerException">java.lang.NullPointerException
	at pack.crm.testcases.HomePageTest.verifyuserNameTest(HomePageTest.java:48)
</failure>
    <system-err><![CDATA[Starting ChromeDriver 73.0.3683.20 (8e2b610813e167eee3619ac4ce6e42e3ec622017) on port 19205
Only local connections are allowed.
Please protect ports used by ChromeDriver and related test frameworks to prevent access by malicious code.
Apr 08, 2019 9:09:49 PM org.openqa.selenium.remote.ProtocolHandshake createSession
INFO: Detected dialect: OSS
]]></system-err>
  </testcase>
  <testcase name="validateCreateNewContact" classname="pack.crm.testcases.ContactsPageTest" time="1.637"/>
  <testcase name="validateCreateNewContact" classname="pack.crm.testcases.ContactsPageTest" time="2.199"/>
  <testcase name="validateCreateNewContact" classname="pack.crm.testcases.ContactsPageTest" time="1.722"/>
  <testcase name="verrifyContactsLinkTest" classname="pack.crm.testcases.HomePageTest" time="0">
    <failure type="java.lang.NullPointerException">java.lang.NullPointerException
	at pack.crm.testcases.HomePageTest.verrifyContactsLinkTest(HomePageTest.java:56)
</failure>
    <system-err><![CDATA[Starting ChromeDriver 73.0.3683.20 (8e2b610813e167eee3619ac4ce6e42e3ec622017) on port 31225
Only local connections are allowed.
Please protect ports used by ChromeDriver and related test frameworks to prevent access by malicious code.
Apr 08, 2019 9:10:53 PM org.openqa.selenium.remote.ProtocolHandshake createSession
INFO: Detected dialect: OSS
]]></system-err>
  </testcase>
  <testcase name="freeCRMTitleTest" classname="pack.crm.testcases.CRMExtentreportSceenShotForFTCs" time="0.014">
    <failure message="expected [CRMPRO  - CRM software for customer relationship management, sales, and support.] but found [CRMPRO - CRM software for customer relationship management, sales, and support.]" type="java.lang.AssertionError">java.lang.AssertionError: expected [CRMPRO  - CRM software for customer relationship management, sales, and support.] but found [CRMPRO - CRM software for customer relationship management, sales, and support.]
	at pack.crm.testcases.CRMExtentreportSceenShotForFTCs.freeCRMTitleTest(CRMExtentreportSceenShotForFTCs.java:54)
</failure>
    <system-out><![CDATA[title===CRMPRO - CRM software for customer relationship management, sales, and support.
]]></system-out>
    <system-err><![CDATA[Starting ChromeDriver 73.0.3683.20 (8e2b610813e167eee3619ac4ce6e42e3ec622017) on port 37668
Only local connections are allowed.
Please protect ports used by ChromeDriver and related test frameworks to prevent access by malicious code.
Apr 08, 2019 9:11:06 PM org.openqa.selenium.remote.ProtocolHandshake createSession
INFO: Detected dialect: OSS
]]></system-err>
  </testcase>
  <testcase name="test1" classname="pack.crm.testcases.CRMExtentreportSceenShotForFTCs" time="0">
    <failure message="expected [false] but found [true]" type="java.lang.AssertionError">java.lang.AssertionError: expected [false] but found [true]
	at pack.crm.testcases.CRMExtentreportSceenShotForFTCs.test1(CRMExtentreportSceenShotForFTCs.java:46)
</failure>
    <system-err><![CDATA[Starting ChromeDriver 73.0.3683.20 (8e2b610813e167eee3619ac4ce6e42e3ec622017) on port 38044
Only local connections are allowed.
Please protect ports used by ChromeDriver and related test frameworks to prevent access by malicious code.
Apr 08, 2019 9:11:12 PM org.openqa.selenium.remote.ProtocolHandshake createSession
INFO: Detected dialect: OSS
]]></system-err>
  </testcase>
  <testcase name="loginPageTitleTest" classname="pack.crm.testcases.LoginPageTest" time="0.008"/>
  <testcase name="crmImageTest" classname="pack.crm.testcases.LoginPageTest" time="0.029"/>
  <testcase name="loginTest" classname="pack.crm.testcases.LoginPageTest" time="1.615"/>
  <testcase name="loginwithUser1Credentials" classname="pack.crm.testcases.FreeCRMHashMapTest" time="0.154">
    <failure message="Index 1 out of bounds for length 1" type="java.lang.ArrayIndexOutOfBoundsException">java.lang.ArrayIndexOutOfBoundsException: Index 1 out of bounds for length 1
	at pack.crm.testcases.FreeCRMHashMapTest.loginwithUser1Credentials(FreeCRMHashMapTest.java:37)
</failure>
    <system-out><![CDATA[**** BEFORE NAVIGATING TO *******https://classic.crmpro.com/index.html
**** AFTER NAVIGATING TO *******https://classic.crmpro.com/index.html
**** BEFORE FINDING *******By.xpath: //button[@class="intercom-reply-to-button"]
**** AFTER FINDING *******By.xpath: //button[@class="intercom-reply-to-button"]
**** BEFORE FINDING *******By.xpath: //button[@class="intercom-reply-to-button"]
**** AFTER FINDING *******By.xpath: //button[@class="intercom-reply-to-button"]
**** BEFORE FINDING *******By.name: username
**** AFTER FINDING *******By.name: username
**** BEFORE FINDING *******By.name: password
**** AFTER FINDING *******By.name: password
]]></system-out>
    <system-err><![CDATA[Starting ChromeDriver 73.0.3683.20 (8e2b610813e167eee3619ac4ce6e42e3ec622017) on port 24033
Only local connections are allowed.
Please protect ports used by ChromeDriver and related test frameworks to prevent access by malicious code.
Apr 08, 2019 9:11:44 PM org.openqa.selenium.remote.ProtocolHandshake createSession
INFO: Detected dialect: OSS
]]></system-err>
  </testcase>
  <testcase name="test1" classname="pack.crm.testcases.parcticeLog4j" time="0.045"/>
  <testcase name="setup" classname="pack.crm.testcases.PhantomJSTest" time="0.715">
    <failure message="org.openqa.selenium.os.CommandLine.find(Ljava/lang/String;)Ljava/lang/String;" type="java.lang.NoSuchMethodError">java.lang.NoSuchMethodError: org.openqa.selenium.os.CommandLine.find(Ljava/lang/String;)Ljava/lang/String;
	at pack.crm.testcases.PhantomJSTest.setup(PhantomJSTest.java:46)
</failure>
    <system-out><![CDATA[04-98-2019 21:11:57 parcticeLog4j.java INFO  [main] parcticeLog4j 44 - *************************LOG  STARTING  TEARDOWN************************
04-98-2019 21:11:58 parcticeLog4j.java INFO  [main] parcticeLog4j 47 - *************************LOG  BROWSER CLOSED************************
]]></system-out>
  </testcase>
  <testcase name="sampleTest" classname="pack.crm.testcases.PhantomJSTest" time="0">
    <skipped/>
  </testcase>
  <testcase name="teardown" classname="pack.crm.testcases.PhantomJSTest" time="0">
    <skipped/>
  </testcase>
</testsuite>