<?xml version="1.0" encoding="UTF-8"?>
<!-- Generated by org.testng.reporters.JUnitXMLReporter -->
<testsuite hostname="Vijaya" failures="0" tests="3" name="Command line test" time="31.763" errors="0" timestamp="3 Apr 2019 18:47:14 GMT">
  <testcase classname="pack.crm.testcases.LoginPageTest" name="loginPageTitleTest" time="0.015"/>
  <testcase classname="pack.crm.testcases.LoginPageTest" name="crmImageTest" time="0.049"/>
  <testcase classname="pack.crm.testcases.LoginPageTest" name="loginTest" time="2.168"/>
</testsuite> <!-- Command line test -->
